<?xml version="1.0" encoding="UTF-8" ?>
<testsuite errors="1" failures="0" hostname="zehuadeMacBook-Pro.local" name="Login_Sys.LoginTester" skipped="0" tests="1" time="0.0" timestamp="2021-04-16T07:34:57">
  <properties>
[...]
</properties>
  <error message="Login_Sys.LoginTester" type="java.lang.ClassNotFoundException">java.lang.ClassNotFoundException: Login_Sys.LoginTester
	at java.base/jdk.internal.loader.BuiltinClassLoader.loadClass(BuiltinClassLoader.java:606)
	at java.base/jdk.internal.loader.ClassLoaders$AppClassLoader.loadClass(ClassLoaders.java:168)
	at java.base/java.lang.ClassLoader.loadClass(ClassLoader.java:522)
	at java.base/java.lang.Class.forName0(Native Method)
	at java.base/java.lang.Class.forName(Class.java:468)
</error>
  <system-out><![CDATA[]]></system-out>
  <system-err><![CDATA[]]></system-err>
</testsuite>
